<?xml version="1.0" encoding="UTF-8"?>
<!-- Generated by org.testng.reporters.JUnitXMLReporter -->
<testsuite ignored="0" hostname="REM-LT-230515B" failures="0" tests="9" name="Default test" time="5.949" errors="0" timestamp="2023-05-26T08:30:00 CST">
  <testcase classname="com.unosquare.FInalPrTests" name="GetListUnknowns" time="2.261"/>
  <testcase classname="com.unosquare.FInalPrTests" name="GetSingleUnknown" time="0.302"/>
  <testcase classname="com.unosquare.FInalPrTests" name="GetSingleUser" time="0.27"/>
  <testcase classname="com.unosquare.FInalPrTests" name="GetUnknownNotFound" time="0.484"/>
  <testcase classname="com.unosquare.FInalPrTests" name="PostCreateUser" time="0.565"/>
  <testcase classname="com.unosquare.FInalPrTests" name="PostLogIn" time="0.475"/>
  <testcase classname="com.unosquare.FInalPrTests" name="PostRegister" time="0.544"/>
  <testcase classname="com.unosquare.FInalPrTests" name="PostRegisterFail" time="0.494"/>
  <testcase classname="com.unosquare.FInalPrTests" name="PutUpdate" time="0.509"/>
</testsuite> <!-- Default test -->
