<?xml version="1.0" encoding="UTF-8"?>
<testng-results ignored="0" total="1" passed="1" failed="0" skipped="0">
  <reporter-output>
    <line>
      <![CDATA[Sucess 200 validation]]>
    </line>
  </reporter-output>
  <suite started-at="2023-05-25T11:43:14 CST" name="Default suite" finished-at="2023-05-25T11:43:17 CST" duration-ms="2542">
    <groups>
    </groups>
    <test started-at="2023-05-25T11:43:14 CST" name="Default test" finished-at="2023-05-25T11:43:17 CST" duration-ms="2542">
      <class name="com.unosquare.FirstPrBddUnknown">
        <test-method is-config="true" signature="beforeMethod()[pri:0, instance:com.unosquare.FirstPrBddUnknown@3aefe5e5]" started-at="2023-05-25T11:43:14 CST" name="beforeMethod" finished-at="2023-05-25T11:43:14 CST" duration-ms="4" status="PASS">
          <reporter-output>
          </reporter-output>
        </test-method> <!-- beforeMethod -->
        <test-method signature="f()[pri:0, instance:com.unosquare.FirstPrBddUnknown@3aefe5e5]" started-at="2023-05-25T11:43:14 CST" name="f" finished-at="2023-05-25T11:43:17 CST" duration-ms="2504" status="PASS">
          <reporter-output>
            <line>
              <![CDATA[Sucess 200 validation]]>
            </line>
          </reporter-output>
        </test-method> <!-- f -->
      </class> <!-- com.unosquare.FirstPrBddUnknown -->
    </test> <!-- Default test -->
  </suite> <!-- Default suite -->
</testng-results>
