<?xml version="1.0" encoding="UTF-8"?>
<testng-results ignored="0" total="1" passed="1" failed="0" skipped="0">
  <reporter-output>
    <line>
      <![CDATA[Sucess 200 validation]]>
    </line>
    <line>
      <![CDATA[{"data":{"id":2,"name":"fuchsia rose","year":2001,"color":"#C74375","pantone_value":"17-2031"},"support":{"url":"https://reqres.in/#support-heading","text":"To keep ReqRes free, contributions towards server costs are appreciated!"}}]]>
    </line>
  </reporter-output>
  <suite started-at="2023-05-25T10:20:01 CST" name="Default suite" finished-at="2023-05-25T10:20:03 CST" duration-ms="2213">
    <groups>
    </groups>
    <test started-at="2023-05-25T10:20:01 CST" name="Default test" finished-at="2023-05-25T10:20:03 CST" duration-ms="2213">
      <class name="com.unosquare.FirstPrUnknown">
        <test-method is-config="true" signature="beforeMethod()[pri:0, instance:com.unosquare.FirstPrUnknown@3aefe5e5]" started-at="2023-05-25T10:20:01 CST" name="beforeMethod" finished-at="2023-05-25T10:20:01 CST" duration-ms="3" status="PASS">
          <reporter-output>
          </reporter-output>
        </test-method> <!-- beforeMethod -->
        <test-method signature="f()[pri:0, instance:com.unosquare.FirstPrUnknown@3aefe5e5]" started-at="2023-05-25T10:20:01 CST" name="f" finished-at="2023-05-25T10:20:03 CST" duration-ms="2178" status="PASS">
          <reporter-output>
            <line>
              <![CDATA[Sucess 200 validation]]>
            </line>
            <line>
              <![CDATA[{"data":{"id":2,"name":"fuchsia rose","year":2001,"color":"#C74375","pantone_value":"17-2031"},"support":{"url":"https://reqres.in/#support-heading","text":"To keep ReqRes free, contributions towards server costs are appreciated!"}}]]>
            </line>
          </reporter-output>
        </test-method> <!-- f -->
      </class> <!-- com.unosquare.FirstPrUnknown -->
    </test> <!-- Default test -->
  </suite> <!-- Default suite -->
</testng-results>
